[15:28:19] [main/INFO]: Loading Minecraft 1.21.1 with Fabric Loader 0.18.5
[15:28:19] [main/INFO]: Loading 4 mods:
	- fabricloader 0.18.5
	   \-- mixinextras 0.5.3
	- java 21
	- minecraft 1.21.1
[15:28:19] [main/INFO]: SpongePowered MIXIN Subsystem Version=0.8.7 Source=file:/C:/Users/ldgd2/AppData/Roaming/MinecraftLauncher/game/libraries/net/fabricmc/sponge-mixin/0.17.0+mixin.0.8.7/sponge-mixin-0.17.0+mixin.0.8.7.jar Service=Knot/Fabric Env=CLIENT
[15:28:21] [Datafixer Bootstrap/INFO]: 226 Datafixer optimizations took 451 milliseconds
[15:28:26] [Render thread/INFO]: Environment: Environment[sessionHost=https://sessionserver.mojang.com, servicesHost=https://api.minecraftservices.com, name=PROD]
[15:28:26] [Render thread/INFO]: Setting user: Ldgd2
[15:28:27] [Render thread/INFO]: Backend library: LWJGL version 3.3.3-snapshot
[15:28:29] [Render thread/INFO]: Reloading ResourceManager: vanilla
[15:28:29] [Worker-Main-11/INFO]: Found unifont_all_no_pua-15.1.05.hex, loading
[15:28:29] [Worker-Main-13/INFO]: Found unifont_jp_patch-15.1.05.hex, loading
[15:28:33] [Render thread/WARN]: Missing sound for event: minecraft:item.goat_horn.play
[15:28:33] [Render thread/WARN]: Missing sound for event: minecraft:entity.goat.screaming.horn_break
[15:28:33] [Render thread/INFO]: OpenAL initialized on device OpenAL Soft on Altavoces (2- HyperX Cloud Flight Wireless Headset)
[15:28:33] [Render thread/INFO]: Sound engine started
[15:28:33] [Render thread/INFO]: Created: 1024x512x4 minecraft:textures/atlas/blocks.png-atlas
[15:28:33] [Render thread/INFO]: Created: 256x256x4 minecraft:textures/atlas/signs.png-atlas
[15:28:33] [Render thread/INFO]: Created: 512x512x4 minecraft:textures/atlas/shield_patterns.png-atlas
[15:28:33] [Render thread/INFO]: Created: 512x512x4 minecraft:textures/atlas/banner_patterns.png-atlas
[15:28:33] [Render thread/INFO]: Created: 1024x1024x4 minecraft:textures/atlas/armor_trims.png-atlas
[15:28:33] [Render thread/INFO]: Created: 128x64x4 minecraft:textures/atlas/decorated_pot.png-atlas
[15:28:33] [Render thread/INFO]: Created: 256x256x4 minecraft:textures/atlas/chest.png-atlas
[15:28:33] [Render thread/INFO]: Created: 512x256x4 minecraft:textures/atlas/shulker_boxes.png-atlas
[15:28:33] [Render thread/INFO]: Created: 512x256x4 minecraft:textures/atlas/beds.png-atlas
[15:28:33] [Render thread/INFO]: Created: 512x256x0 minecraft:textures/atlas/particles.png-atlas
[15:28:33] [Render thread/INFO]: Created: 512x256x0 minecraft:textures/atlas/paintings.png-atlas
[15:28:33] [Render thread/INFO]: Created: 256x128x0 minecraft:textures/atlas/mob_effects.png-atlas
[15:28:33] [Render thread/INFO]: Created: 64x64x0 minecraft:textures/atlas/map_decorations.png-atlas
[15:28:33] [Render thread/INFO]: Created: 1024x512x0 minecraft:textures/atlas/gui.png-atlas
[15:28:33] [Render thread/WARN]: Shader rendertype_entity_translucent_emissive could not find sampler named Sampler2 in the specified shader program.
[15:29:12] [Render thread/INFO]: Stopping!
